This file contains any messages produced by compilers while
running configure, to aid debugging if configure makes a mistake.

It was created by Haskell old-time package configure 1.0, which was
generated by GNU Autoconf 2.71.  Invocation command line was

  $ /C/Users/GlĂłria/Downloads/HaskellProj/dist-newstyle/tmp/src-16958/old-time-1.1.0.5/configure --with-compiler=ghc '--prefix=C:\cabal\store\ghc-9.6.7\old-time-1.1.0.5-af41ab2a458ff01cacebea25d8b5c999cb6cbcb2' '--bindir=C:\cabal\store\ghc-9.6.7\old-time-1.1.0.5-af41ab2a458ff01cacebea25d8b5c999cb6cbcb2\bin' '--libdir=C:\cabal\store\ghc-9.6.7\old-time-1.1.0.5-af41ab2a458ff01cacebea25d8b5c999cb6cbcb2\lib' '--libexecdir=C:\cabal\store\ghc-9.6.7\old-time-1.1.0.5-af41ab2a458ff01cacebea25d8b5c999cb6cbcb2\libexec' '--datadir=C:\cabal\store\ghc-9.6.7\old-time-1.1.0.5-af41ab2a458ff01cacebea25d8b5c999cb6cbcb2\share' '--sysconfdir=C:\cabal\store\ghc-9.6.7\old-time-1.1.0.5-af41ab2a458ff01cacebea25d8b5c999cb6cbcb2\etc' 'CC=C:\ghcup\ghc\96FA52~1.7\lib\../mingw/bin\clang.exe'

## --------- ##
## Platform. ##
## --------- ##

hostname = Glória-PC
uname -m = x86_64
uname -r = 3.5.7-2644508f.x86_64
uname -s = MSYS_NT-10.0-26200
uname -v = 2025-02-06 19:32 UTC

/usr/bin/uname -p = unknown
/bin/uname -X     = unknown

/bin/arch              = x86_64
/usr/bin/arch -k       = unknown
/usr/convex/getsysinfo = unknown
/usr/bin/hostinfo      = unknown
/bin/machine           = unknown
/usr/bin/oslevel       = unknown
/bin/universe          = unknown

PATH: /c/ghcup/bin/
PATH: /c/cabal/bin/
PATH: /mingw64/bin/
PATH: /usr/bin/
PATH: /c/cabal/store/ghc-9.6.7/hsc2hs-0.68.10-bde69280d864df70fd27c9923f90ac5e4b22b9d2/bin/
PATH: /c/ghcup/bin/
PATH: /c/cabal/bin/
PATH: /mingw64/bin/
PATH: /usr/bin/
PATH: /c/Users/GlĂłria/AppData/Local/Programs/Microsoft VS Code/
PATH: /c/Program Files/Amazon Corretto/jdk21.0.6_7/bin/
PATH: /c/Program Files/Common Files/Oracle/Java/javapath/
PATH: /c/WINDOWS/system32/
PATH: /c/WINDOWS/
PATH: /c/WINDOWS/System32/Wbem/
PATH: /c/WINDOWS/System32/WindowsPowerShell/v1.0/
PATH: /c/WINDOWS/System32/OpenSSH/
PATH: /c/Program Files/Git/cmd/
PATH: /c/Program Files (x86)/Microsoft SQL Server/160/DTS/Binn/
PATH: /c/Program Files (x86)/Microsoft SQL Server/160/Tools/Binn/
PATH: /c/Program Files/Microsoft SQL Server/160/Tools/Binn/
PATH: /c/Program Files/Microsoft SQL Server/Client SDK/ODBC/170/Tools/Binn/
PATH: /c/Program Files/Microsoft SQL Server/160/DTS/Binn/
PATH: /c/Program Files/dotnet/
PATH: /c/Users/GlĂłria/AppData/Local/Programs/Python/Launcher/
PATH: /c/Users/GlĂłria/AppData/Local/Microsoft/WindowsApps/
PATH: /c/Users/GlĂłria/AppData/Local/Programs/Microsoft VS Code/bin/
PATH: /c/Users/GlĂłria/.dotnet/tools/
PATH: /c/ghcup/bin/


## ----------- ##
## Core tests. ##
## ----------- ##

configure:2471: checking for gcc
configure:2503: result: C:\ghcup\ghc\96FA52~1.7\lib\../mingw/bin\clang.exe
configure:2856: checking for C compiler version
configure:2865: C:\ghcup\ghc\96FA52~1.7\lib\../mingw/bin\clang.exe --version >&5
clang version 14.0.6
Target: x86_64-w64-windows-gnu
Thread model: posix
InstalledDir: C:/ghcup/ghc/96FA52~1.7/mingw/bin
configure:2876: $? = 0
configure:2865: C:\ghcup\ghc\96FA52~1.7\lib\../mingw/bin\clang.exe -v >&5
clang version 14.0.6
Target: x86_64-w64-windows-gnu
Thread model: posix
InstalledDir: C:/ghcup/ghc/96FA52~1.7/mingw/bin
configure:2876: $? = 0
configure:2865: C:\ghcup\ghc\96FA52~1.7\lib\../mingw/bin\clang.exe -V >&5
clang: error: argument to '-V' is missing (expected 1 value)
clang: error: no input files
configure:2876: $? = 1
configure:2865: C:\ghcup\ghc\96FA52~1.7\lib\../mingw/bin\clang.exe -qversion >&5
clang: error: unknown argument '-qversion'; did you mean '--version'?
clang: error: no input files
configure:2876: $? = 1
configure:2865: C:\ghcup\ghc\96FA52~1.7\lib\../mingw/bin\clang.exe -version >&5
clang: error: unknown argument '-version'; did you mean '--version'?
clang: error: no input files
configure:2876: $? = 1
configure:2896: checking whether the C compiler works
configure:2918: C:\ghcup\ghc\96FA52~1.7\lib\../mingw/bin\clang.exe --rtlib=compiler-rt -D_UCRT -IC:\ghcup\ghc\9.6.7\lib\../mingw/include -fuse-ld=lld --rtlib=compiler-rt -D_UCRT -LC:\ghcup\ghc\9.6.7\lib\../mingw/lib -LC:\ghcup\ghc\9.6.7\lib\../mingw/x86_64-w64-mingw32/lib   conftest.c  >&5
configure:2922: $? = 0
configure:2972: result: yes
configure:2975: checking for C compiler default output file name
configure:2977: result: a.exe
configure:2983: checking for suffix of executables
configure:2990: C:\ghcup\ghc\96FA52~1.7\lib\../mingw/bin\clang.exe -o conftest.exe --rtlib=compiler-rt -D_UCRT -IC:\ghcup\ghc\9.6.7\lib\../mingw/include -fuse-ld=lld --rtlib=compiler-rt -D_UCRT -LC:\ghcup\ghc\9.6.7\lib\../mingw/lib -LC:\ghcup\ghc\9.6.7\lib\../mingw/x86_64-w64-mingw32/lib   conftest.c  >&5
configure:2994: $? = 0
configure:3017: result: .exe
configure:3039: checking whether we are cross compiling
configure:3047: C:\ghcup\ghc\96FA52~1.7\lib\../mingw/bin\clang.exe -o conftest.exe --rtlib=compiler-rt -D_UCRT -IC:\ghcup\ghc\9.6.7\lib\../mingw/include -fuse-ld=lld --rtlib=compiler-rt -D_UCRT -LC:\ghcup\ghc\9.6.7\lib\../mingw/lib -LC:\ghcup\ghc\9.6.7\lib\../mingw/x86_64-w64-mingw32/lib   conftest.c  >&5
configure:3051: $? = 0
configure:3058: ./conftest.exe
configure:3062: $? = 0
configure:3077: result: no
configure:3082: checking for suffix of object files
configure:3105: C:\ghcup\ghc\96FA52~1.7\lib\../mingw/bin\clang.exe -c --rtlib=compiler-rt -D_UCRT -IC:\ghcup\ghc\9.6.7\lib\../mingw/include -fuse-ld=lld --rtlib=compiler-rt -D_UCRT -LC:\ghcup\ghc\9.6.7\lib\../mingw/lib -LC:\ghcup\ghc\9.6.7\lib\../mingw/x86_64-w64-mingw32/lib  conftest.c >&5
clang: warning: argument unused during compilation: '-LC:\ghcup\ghc\9.6.7\lib\../mingw/lib' [-Wunused-command-line-argument]
clang: warning: argument unused during compilation: '-LC:\ghcup\ghc\9.6.7\lib\../mingw/x86_64-w64-mingw32/lib' [-Wunused-command-line-argument]
configure:3109: $? = 0
configure:3131: result: o
configure:3135: checking whether the compiler supports GNU C
configure:3155: C:\ghcup\ghc\96FA52~1.7\lib\../mingw/bin\clang.exe -c --rtlib=compiler-rt -D_UCRT -IC:\ghcup\ghc\9.6.7\lib\../mingw/include -fuse-ld=lld --rtlib=compiler-rt -D_UCRT -LC:\ghcup\ghc\9.6.7\lib\../mingw/lib -LC:\ghcup\ghc\9.6.7\lib\../mingw/x86_64-w64-mingw32/lib  conftest.c >&5
clang: warning: argument unused during compilation: '-LC:\ghcup\ghc\9.6.7\lib\../mingw/lib' [-Wunused-command-line-argument]
clang: warning: argument unused during compilation: '-LC:\ghcup\ghc\9.6.7\lib\../mingw/x86_64-w64-mingw32/lib' [-Wunused-command-line-argument]
configure:3155: $? = 0
configure:3165: result: yes
configure:3176: checking whether C:\ghcup\ghc\96FA52~1.7\lib\../mingw/bin\clang.exe accepts -g
configure:3197: C:\ghcup\ghc\96FA52~1.7\lib\../mingw/bin\clang.exe -c -g  conftest.c >&5
configure:3197: $? = 0
configure:3241: result: yes
configure:3261: checking for C:\ghcup\ghc\96FA52~1.7\lib\../mingw/bin\clang.exe option to enable C11 features
configure:3276: C:\ghcup\ghc\96FA52~1.7\lib\../mingw/bin\clang.exe  -c --rtlib=compiler-rt -D_UCRT -IC:\ghcup\ghc\9.6.7\lib\../mingw/include -fuse-ld=lld --rtlib=compiler-rt -D_UCRT -LC:\ghcup\ghc\9.6.7\lib\../mingw/lib -LC:\ghcup\ghc\9.6.7\lib\../mingw/x86_64-w64-mingw32/lib  conftest.c >&5
clang: warning: argument unused during compilation: '-LC:\ghcup\ghc\9.6.7\lib\../mingw/lib' [-Wunused-command-line-argument]
clang: warning: argument unused during compilation: '-LC:\ghcup\ghc\9.6.7\lib\../mingw/x86_64-w64-mingw32/lib' [-Wunused-command-line-argument]
configure:3276: $? = 0
configure:3294: result: none needed
configure:3411: checking for stdio.h
configure:3411: C:\ghcup\ghc\96FA52~1.7\lib\../mingw/bin\clang.exe -c --rtlib=compiler-rt -D_UCRT -IC:\ghcup\ghc\9.6.7\lib\../mingw/include -fuse-ld=lld --rtlib=compiler-rt -D_UCRT -LC:\ghcup\ghc\9.6.7\lib\../mingw/lib -LC:\ghcup\ghc\9.6.7\lib\../mingw/x86_64-w64-mingw32/lib  conftest.c >&5
clang: warning: argument unused during compilation: '-LC:\ghcup\ghc\9.6.7\lib\../mingw/lib' [-Wunused-command-line-argument]
clang: warning: argument unused during compilation: '-LC:\ghcup\ghc\9.6.7\lib\../mingw/x86_64-w64-mingw32/lib' [-Wunused-command-line-argument]
configure:3411: $? = 0
configure:3411: result: yes
configure:3411: checking for stdlib.h
configure:3411: C:\ghcup\ghc\96FA52~1.7\lib\../mingw/bin\clang.exe -c --rtlib=compiler-rt -D_UCRT -IC:\ghcup\ghc\9.6.7\lib\../mingw/include -fuse-ld=lld --rtlib=compiler-rt -D_UCRT -LC:\ghcup\ghc\9.6.7\lib\../mingw/lib -LC:\ghcup\ghc\9.6.7\lib\../mingw/x86_64-w64-mingw32/lib  conftest.c >&5
clang: warning: argument unused during compilation: '-LC:\ghcup\ghc\9.6.7\lib\../mingw/lib' [-Wunused-command-line-argument]
clang: warning: argument unused during compilation: '-LC:\ghcup\ghc\9.6.7\lib\../mingw/x86_64-w64-mingw32/lib' [-Wunused-command-line-argument]
configure:3411: $? = 0
configure:3411: result: yes
configure:3411: checking for string.h
configure:3411: C:\ghcup\ghc\96FA52~1.7\lib\../mingw/bin\clang.exe -c --rtlib=compiler-rt -D_UCRT -IC:\ghcup\ghc\9.6.7\lib\../mingw/include -fuse-ld=lld --rtlib=compiler-rt -D_UCRT -LC:\ghcup\ghc\9.6.7\lib\../mingw/lib -LC:\ghcup\ghc\9.6.7\lib\../mingw/x86_64-w64-mingw32/lib  conftest.c >&5
clang: warning: argument unused during compilation: '-LC:\ghcup\ghc\9.6.7\lib\../mingw/lib' [-Wunused-command-line-argument]
clang: warning: argument unused during compilation: '-LC:\ghcup\ghc\9.6.7\lib\../mingw/x86_64-w64-mingw32/lib' [-Wunused-command-line-argument]
configure:3411: $? = 0
configure:3411: result: yes
configure:3411: checking for inttypes.h
configure:3411: C:\ghcup\ghc\96FA52~1.7\lib\../mingw/bin\clang.exe -c --rtlib=compiler-rt -D_UCRT -IC:\ghcup\ghc\9.6.7\lib\../mingw/include -fuse-ld=lld --rtlib=compiler-rt -D_UCRT -LC:\ghcup\ghc\9.6.7\lib\../mingw/lib -LC:\ghcup\ghc\9.6.7\lib\../mingw/x86_64-w64-mingw32/lib  conftest.c >&5
clang: warning: argument unused during compilation: '-LC:\ghcup\ghc\9.6.7\lib\../mingw/lib' [-Wunused-command-line-argument]
clang: warning: argument unused during compilation: '-LC:\ghcup\ghc\9.6.7\lib\../mingw/x86_64-w64-mingw32/lib' [-Wunused-command-line-argument]
configure:3411: $? = 0
configure:3411: result: yes
configure:3411: checking for stdint.h
configure:3411: C:\ghcup\ghc\96FA52~1.7\lib\../mingw/bin\clang.exe -c --rtlib=compiler-rt -D_UCRT -IC:\ghcup\ghc\9.6.7\lib\../mingw/include -fuse-ld=lld --rtlib=compiler-rt -D_UCRT -LC:\ghcup\ghc\9.6.7\lib\../mingw/lib -LC:\ghcup\ghc\9.6.7\lib\../mingw/x86_64-w64-mingw32/lib  conftest.c >&5
clang: warning: argument unused during compilation: '-LC:\ghcup\ghc\9.6.7\lib\../mingw/lib' [-Wunused-command-line-argument]
clang: warning: argument unused during compilation: '-LC:\ghcup\ghc\9.6.7\lib\../mingw/x86_64-w64-mingw32/lib' [-Wunused-command-line-argument]
configure:3411: $? = 0
configure:3411: result: yes
configure:3411: checking for strings.h
configure:3411: C:\ghcup\ghc\96FA52~1.7\lib\../mingw/bin\clang.exe -c --rtlib=compiler-rt -D_UCRT -IC:\ghcup\ghc\9.6.7\lib\../mingw/include -fuse-ld=lld --rtlib=compiler-rt -D_UCRT -LC:\ghcup\ghc\9.6.7\lib\../mingw/lib -LC:\ghcup\ghc\9.6.7\lib\../mingw/x86_64-w64-mingw32/lib  conftest.c >&5
clang: warning: argument unused during compilation: '-LC:\ghcup\ghc\9.6.7\lib\../mingw/lib' [-Wunused-command-line-argument]
clang: warning: argument unused during compilation: '-LC:\ghcup\ghc\9.6.7\lib\../mingw/x86_64-w64-mingw32/lib' [-Wunused-command-line-argument]
configure:3411: $? = 0
configure:3411: result: yes
configure:3411: checking for sys/stat.h
configure:3411: C:\ghcup\ghc\96FA52~1.7\lib\../mingw/bin\clang.exe -c --rtlib=compiler-rt -D_UCRT -IC:\ghcup\ghc\9.6.7\lib\../mingw/include -fuse-ld=lld --rtlib=compiler-rt -D_UCRT -LC:\ghcup\ghc\9.6.7\lib\../mingw/lib -LC:\ghcup\ghc\9.6.7\lib\../mingw/x86_64-w64-mingw32/lib  conftest.c >&5
clang: warning: argument unused during compilation: '-LC:\ghcup\ghc\9.6.7\lib\../mingw/lib' [-Wunused-command-line-argument]
clang: warning: argument unused during compilation: '-LC:\ghcup\ghc\9.6.7\lib\../mingw/x86_64-w64-mingw32/lib' [-Wunused-command-line-argument]
configure:3411: $? = 0
configure:3411: result: yes
configure:3411: checking for sys/types.h
configure:3411: C:\ghcup\ghc\96FA52~1.7\lib\../mingw/bin\clang.exe -c --rtlib=compiler-rt -D_UCRT -IC:\ghcup\ghc\9.6.7\lib\../mingw/include -fuse-ld=lld --rtlib=compiler-rt -D_UCRT -LC:\ghcup\ghc\9.6.7\lib\../mingw/lib -LC:\ghcup\ghc\9.6.7\lib\../mingw/x86_64-w64-mingw32/lib  conftest.c >&5
clang: warning: argument unused during compilation: '-LC:\ghcup\ghc\9.6.7\lib\../mingw/lib' [-Wunused-command-line-argument]
clang: warning: argument unused during compilation: '-LC:\ghcup\ghc\9.6.7\lib\../mingw/x86_64-w64-mingw32/lib' [-Wunused-command-line-argument]
configure:3411: $? = 0
configure:3411: result: yes
configure:3411: checking for unistd.h
configure:3411: C:\ghcup\ghc\96FA52~1.7\lib\../mingw/bin\clang.exe -c --rtlib=compiler-rt -D_UCRT -IC:\ghcup\ghc\9.6.7\lib\../mingw/include -fuse-ld=lld --rtlib=compiler-rt -D_UCRT -LC:\ghcup\ghc\9.6.7\lib\../mingw/lib -LC:\ghcup\ghc\9.6.7\lib\../mingw/x86_64-w64-mingw32/lib  conftest.c >&5
clang: warning: argument unused during compilation: '-LC:\ghcup\ghc\9.6.7\lib\../mingw/lib' [-Wunused-command-line-argument]
clang: warning: argument unused during compilation: '-LC:\ghcup\ghc\9.6.7\lib\../mingw/x86_64-w64-mingw32/lib' [-Wunused-command-line-argument]
configure:3411: $? = 0
configure:3411: result: yes
configure:3411: checking for sys/time.h
configure:3411: C:\ghcup\ghc\96FA52~1.7\lib\../mingw/bin\clang.exe -c --rtlib=compiler-rt -D_UCRT -IC:\ghcup\ghc\9.6.7\lib\../mingw/include -fuse-ld=lld --rtlib=compiler-rt -D_UCRT -LC:\ghcup\ghc\9.6.7\lib\../mingw/lib -LC:\ghcup\ghc\9.6.7\lib\../mingw/x86_64-w64-mingw32/lib  conftest.c >&5
clang: warning: argument unused during compilation: '-LC:\ghcup\ghc\9.6.7\lib\../mingw/lib' [-Wunused-command-line-argument]
clang: warning: argument unused during compilation: '-LC:\ghcup\ghc\9.6.7\lib\../mingw/x86_64-w64-mingw32/lib' [-Wunused-command-line-argument]
configure:3411: $? = 0
configure:3411: result: yes
configure:3436: checking for sys/time.h
configure:3436: result: yes
configure:3442: checking for sys/timeb.h
configure:3442: C:\ghcup\ghc\96FA52~1.7\lib\../mingw/bin\clang.exe -c --rtlib=compiler-rt -D_UCRT -IC:\ghcup\ghc\9.6.7\lib\../mingw/include -fuse-ld=lld --rtlib=compiler-rt -D_UCRT -LC:\ghcup\ghc\9.6.7\lib\../mingw/lib -LC:\ghcup\ghc\9.6.7\lib\../mingw/x86_64-w64-mingw32/lib  conftest.c >&5
clang: warning: argument unused during compilation: '-LC:\ghcup\ghc\9.6.7\lib\../mingw/lib' [-Wunused-command-line-argument]
clang: warning: argument unused during compilation: '-LC:\ghcup\ghc\9.6.7\lib\../mingw/x86_64-w64-mingw32/lib' [-Wunused-command-line-argument]
configure:3442: $? = 0
configure:3442: result: yes
configure:3448: checking for time.h
configure:3448: C:\ghcup\ghc\96FA52~1.7\lib\../mingw/bin\clang.exe -c --rtlib=compiler-rt -D_UCRT -IC:\ghcup\ghc\9.6.7\lib\../mingw/include -fuse-ld=lld --rtlib=compiler-rt -D_UCRT -LC:\ghcup\ghc\9.6.7\lib\../mingw/lib -LC:\ghcup\ghc\9.6.7\lib\../mingw/x86_64-w64-mingw32/lib  conftest.c >&5
clang: warning: argument unused during compilation: '-LC:\ghcup\ghc\9.6.7\lib\../mingw/lib' [-Wunused-command-line-argument]
clang: warning: argument unused during compilation: '-LC:\ghcup\ghc\9.6.7\lib\../mingw/x86_64-w64-mingw32/lib' [-Wunused-command-line-argument]
configure:3448: $? = 0
configure:3448: result: yes
configure:3456: checking for ftime
configure:3456: C:\ghcup\ghc\96FA52~1.7\lib\../mingw/bin\clang.exe -o conftest.exe --rtlib=compiler-rt -D_UCRT -IC:\ghcup\ghc\9.6.7\lib\../mingw/include -fuse-ld=lld --rtlib=compiler-rt -D_UCRT -LC:\ghcup\ghc\9.6.7\lib\../mingw/lib -LC:\ghcup\ghc\9.6.7\lib\../mingw/x86_64-w64-mingw32/lib   conftest.c  >&5
configure:3456: $? = 0
configure:3456: result: yes
configure:3462: checking for gmtime_r
configure:3462: C:\ghcup\ghc\96FA52~1.7\lib\../mingw/bin\clang.exe -o conftest.exe --rtlib=compiler-rt -D_UCRT -IC:\ghcup\ghc\9.6.7\lib\../mingw/include -fuse-ld=lld --rtlib=compiler-rt -D_UCRT -LC:\ghcup\ghc\9.6.7\lib\../mingw/lib -LC:\ghcup\ghc\9.6.7\lib\../mingw/x86_64-w64-mingw32/lib   conftest.c  >&5
ld.lld: error: undefined symbol: gmtime_r
>>> referenced by C:/Users/GLRIA~1/AppData/Local/Temp/conftest-9d2d59.o:(main)
clang: error: linker command failed with exit code 1 (use -v to see invocation)
configure:3462: $? = 1
configure: failed program was:
| /* confdefs.h */
| #define PACKAGE_NAME "Haskell old-time package"
| #define PACKAGE_TARNAME "old-time"
| #define PACKAGE_VERSION "1.0"
| #define PACKAGE_STRING "Haskell old-time package 1.0"
| #define PACKAGE_BUGREPORT "libraries@haskell.org"
| #define PACKAGE_URL ""
| #define HAVE_STDIO_H 1
| #define HAVE_STDLIB_H 1
| #define HAVE_STRING_H 1
| #define HAVE_INTTYPES_H 1
| #define HAVE_STDINT_H 1
| #define HAVE_STRINGS_H 1
| #define HAVE_SYS_STAT_H 1
| #define HAVE_SYS_TYPES_H 1
| #define HAVE_UNISTD_H 1
| #define HAVE_SYS_TIME_H 1
| #define STDC_HEADERS 1
| #define HAVE_SYS_TIME_H 1
| #define HAVE_SYS_TIMEB_H 1
| #define HAVE_TIME_H 1
| #define HAVE_FTIME 1
| /* end confdefs.h.  */
| /* Define gmtime_r to an innocuous variant, in case <limits.h> declares gmtime_r.
|    For example, HP-UX 11i <limits.h> declares gettimeofday.  */
| #define gmtime_r innocuous_gmtime_r
| 
| /* System header to define __stub macros and hopefully few prototypes,
|    which can conflict with char gmtime_r (); below.  */
| 
| #include <limits.h>
| #undef gmtime_r
| 
| /* Override any GCC internal prototype to avoid an error.
|    Use char because int might match the return type of a GCC
|    builtin and then its argument prototype would still apply.  */
| #ifdef __cplusplus
| extern "C"
| #endif
| char gmtime_r ();
| /* The GNU C library defines this for functions which it implements
|     to always fail with ENOSYS.  Some functions are actually named
|     something starting with __ and the normal name is an alias.  */
| #if defined __stub_gmtime_r || defined __stub___gmtime_r
| choke me
| #endif
| 
| int
| main (void)
| {
| return gmtime_r ();
|   ;
|   return 0;
| }
configure:3462: result: no
configure:3468: checking for localtime_r
configure:3468: C:\ghcup\ghc\96FA52~1.7\lib\../mingw/bin\clang.exe -o conftest.exe --rtlib=compiler-rt -D_UCRT -IC:\ghcup\ghc\9.6.7\lib\../mingw/include -fuse-ld=lld --rtlib=compiler-rt -D_UCRT -LC:\ghcup\ghc\9.6.7\lib\../mingw/lib -LC:\ghcup\ghc\9.6.7\lib\../mingw/x86_64-w64-mingw32/lib   conftest.c  >&5
ld.lld: error: undefined symbol: localtime_r
>>> referenced by C:/Users/GLRIA~1/AppData/Local/Temp/conftest-530cc0.o:(main)
clang: error: linker command failed with exit code 1 (use -v to see invocation)
configure:3468: $? = 1
configure: failed program was:
| /* confdefs.h */
| #define PACKAGE_NAME "Haskell old-time package"
| #define PACKAGE_TARNAME "old-time"
| #define PACKAGE_VERSION "1.0"
| #define PACKAGE_STRING "Haskell old-time package 1.0"
| #define PACKAGE_BUGREPORT "libraries@haskell.org"
| #define PACKAGE_URL ""
| #define HAVE_STDIO_H 1
| #define HAVE_STDLIB_H 1
| #define HAVE_STRING_H 1
| #define HAVE_INTTYPES_H 1
| #define HAVE_STDINT_H 1
| #define HAVE_STRINGS_H 1
| #define HAVE_SYS_STAT_H 1
| #define HAVE_SYS_TYPES_H 1
| #define HAVE_UNISTD_H 1
| #define HAVE_SYS_TIME_H 1
| #define STDC_HEADERS 1
| #define HAVE_SYS_TIME_H 1
| #define HAVE_SYS_TIMEB_H 1
| #define HAVE_TIME_H 1
| #define HAVE_FTIME 1
| /* end confdefs.h.  */
| /* Define localtime_r to an innocuous variant, in case <limits.h> declares localtime_r.
|    For example, HP-UX 11i <limits.h> declares gettimeofday.  */
| #define localtime_r innocuous_localtime_r
| 
| /* System header to define __stub macros and hopefully few prototypes,
|    which can conflict with char localtime_r (); below.  */
| 
| #include <limits.h>
| #undef localtime_r
| 
| /* Override any GCC internal prototype to avoid an error.
|    Use char because int might match the return type of a GCC
|    builtin and then its argument prototype would still apply.  */
| #ifdef __cplusplus
| extern "C"
| #endif
| char localtime_r ();
| /* The GNU C library defines this for functions which it implements
|     to always fail with ENOSYS.  Some functions are actually named
|     something starting with __ and the normal name is an alias.  */
| #if defined __stub_localtime_r || defined __stub___localtime_r
| choke me
| #endif
| 
| int
| main (void)
| {
| return localtime_r ();
|   ;
|   return 0;
| }
configure:3468: result: no
configure:3474: checking for gettimeofday
configure:3474: C:\ghcup\ghc\96FA52~1.7\lib\../mingw/bin\clang.exe -o conftest.exe --rtlib=compiler-rt -D_UCRT -IC:\ghcup\ghc\9.6.7\lib\../mingw/include -fuse-ld=lld --rtlib=compiler-rt -D_UCRT -LC:\ghcup\ghc\9.6.7\lib\../mingw/lib -LC:\ghcup\ghc\9.6.7\lib\../mingw/x86_64-w64-mingw32/lib   conftest.c  >&5
configure:3474: $? = 0
configure:3474: result: yes
configure:3482: checking whether struct tm is in sys/time.h or time.h
configure:3503: C:\ghcup\ghc\96FA52~1.7\lib\../mingw/bin\clang.exe -c --rtlib=compiler-rt -D_UCRT -IC:\ghcup\ghc\9.6.7\lib\../mingw/include -fuse-ld=lld --rtlib=compiler-rt -D_UCRT -LC:\ghcup\ghc\9.6.7\lib\../mingw/lib -LC:\ghcup\ghc\9.6.7\lib\../mingw/x86_64-w64-mingw32/lib  conftest.c >&5
clang: warning: argument unused during compilation: '-LC:\ghcup\ghc\9.6.7\lib\../mingw/lib' [-Wunused-command-line-argument]
clang: warning: argument unused during compilation: '-LC:\ghcup\ghc\9.6.7\lib\../mingw/x86_64-w64-mingw32/lib' [-Wunused-command-line-argument]
configure:3503: $? = 0
configure:3511: result: time.h
configure:3519: checking for C:\ghcup\ghc\96FA52~1.7\lib\../mingw/bin\clang.exe options needed to detect all undeclared functions
configure:3541: C:\ghcup\ghc\96FA52~1.7\lib\../mingw/bin\clang.exe -c --rtlib=compiler-rt -D_UCRT -IC:\ghcup\ghc\9.6.7\lib\../mingw/include -fuse-ld=lld --rtlib=compiler-rt -D_UCRT -LC:\ghcup\ghc\9.6.7\lib\../mingw/lib -LC:\ghcup\ghc\9.6.7\lib\../mingw/x86_64-w64-mingw32/lib   conftest.c >&5
clang: warning: argument unused during compilation: '-LC:\ghcup\ghc\9.6.7\lib\../mingw/lib' [-Wunused-command-line-argument]
clang: warning: argument unused during compilation: '-LC:\ghcup\ghc\9.6.7\lib\../mingw/x86_64-w64-mingw32/lib' [-Wunused-command-line-argument]
conftest.c:29:8: warning: implicitly declaring library function 'strchr' with type 'char *(const char *, int)' [-Wimplicit-function-declaration]
(void) strchr;
       ^
conftest.c:29:8: note: include the header <string.h> or explicitly provide a declaration for 'strchr'
1 warning generated.
configure:3541: $? = 0
configure:3541: C:\ghcup\ghc\96FA52~1.7\lib\../mingw/bin\clang.exe -c --rtlib=compiler-rt -D_UCRT -IC:\ghcup\ghc\9.6.7\lib\../mingw/include -fuse-ld=lld --rtlib=compiler-rt -D_UCRT -LC:\ghcup\ghc\9.6.7\lib\../mingw/lib -LC:\ghcup\ghc\9.6.7\lib\../mingw/x86_64-w64-mingw32/lib -fno-builtin  conftest.c >&5
clang: warning: argument unused during compilation: '-LC:\ghcup\ghc\9.6.7\lib\../mingw/lib' [-Wunused-command-line-argument]
clang: warning: argument unused during compilation: '-LC:\ghcup\ghc\9.6.7\lib\../mingw/x86_64-w64-mingw32/lib' [-Wunused-command-line-argument]
conftest.c:29:8: error: use of undeclared identifier 'strchr'
(void) strchr;
       ^
1 error generated.
configure:3541: $? = 1
configure: failed program was:
| /* confdefs.h */
| #define PACKAGE_NAME "Haskell old-time package"
| #define PACKAGE_TARNAME "old-time"
| #define PACKAGE_VERSION "1.0"
| #define PACKAGE_STRING "Haskell old-time package 1.0"
| #define PACKAGE_BUGREPORT "libraries@haskell.org"
| #define PACKAGE_URL ""
| #define HAVE_STDIO_H 1
| #define HAVE_STDLIB_H 1
| #define HAVE_STRING_H 1
| #define HAVE_INTTYPES_H 1
| #define HAVE_STDINT_H 1
| #define HAVE_STRINGS_H 1
| #define HAVE_SYS_STAT_H 1
| #define HAVE_SYS_TYPES_H 1
| #define HAVE_UNISTD_H 1
| #define HAVE_SYS_TIME_H 1
| #define STDC_HEADERS 1
| #define HAVE_SYS_TIME_H 1
| #define HAVE_SYS_TIMEB_H 1
| #define HAVE_TIME_H 1
| #define HAVE_FTIME 1
| #define HAVE_GETTIMEOFDAY 1
| /* end confdefs.h.  */
| 
| int
| main (void)
| {
| (void) strchr;
|   ;
|   return 0;
| }
configure:3568: C:\ghcup\ghc\96FA52~1.7\lib\../mingw/bin\clang.exe -c --rtlib=compiler-rt -D_UCRT -IC:\ghcup\ghc\9.6.7\lib\../mingw/include -fuse-ld=lld --rtlib=compiler-rt -D_UCRT -LC:\ghcup\ghc\9.6.7\lib\../mingw/lib -LC:\ghcup\ghc\9.6.7\lib\../mingw/x86_64-w64-mingw32/lib -fno-builtin  conftest.c >&5
clang: warning: argument unused during compilation: '-LC:\ghcup\ghc\9.6.7\lib\../mingw/lib' [-Wunused-command-line-argument]
clang: warning: argument unused during compilation: '-LC:\ghcup\ghc\9.6.7\lib\../mingw/x86_64-w64-mingw32/lib' [-Wunused-command-line-argument]
configure:3568: $? = 0
configure:3585: result: -fno-builtin
configure:3599: checking for struct tm.tm_zone
configure:3599: C:\ghcup\ghc\96FA52~1.7\lib\../mingw/bin\clang.exe -c --rtlib=compiler-rt -D_UCRT -IC:\ghcup\ghc\9.6.7\lib\../mingw/include -fuse-ld=lld --rtlib=compiler-rt -D_UCRT -LC:\ghcup\ghc\9.6.7\lib\../mingw/lib -LC:\ghcup\ghc\9.6.7\lib\../mingw/x86_64-w64-mingw32/lib  conftest.c >&5
clang: warning: argument unused during compilation: '-LC:\ghcup\ghc\9.6.7\lib\../mingw/lib' [-Wunused-command-line-argument]
clang: warning: argument unused during compilation: '-LC:\ghcup\ghc\9.6.7\lib\../mingw/x86_64-w64-mingw32/lib' [-Wunused-command-line-argument]
conftest.c:33:13: error: no member named 'tm_zone' in 'struct tm'; did you mean 'tm_mon'?
if (ac_aggr.tm_zone)
            ^~~~~~~
            tm_mon
C:/ghcup/ghc/96FA52~1.7/mingw/x86_64-w64-mingw32/include/time.h:102:9: note: 'tm_mon' declared here
    int tm_mon;
        ^
1 error generated.
configure:3599: $? = 1
configure: failed program was:
| /* confdefs.h */
| #define PACKAGE_NAME "Haskell old-time package"
| #define PACKAGE_TARNAME "old-time"
| #define PACKAGE_VERSION "1.0"
| #define PACKAGE_STRING "Haskell old-time package 1.0"
| #define PACKAGE_BUGREPORT "libraries@haskell.org"
| #define PACKAGE_URL ""
| #define HAVE_STDIO_H 1
| #define HAVE_STDLIB_H 1
| #define HAVE_STRING_H 1
| #define HAVE_INTTYPES_H 1
| #define HAVE_STDINT_H 1
| #define HAVE_STRINGS_H 1
| #define HAVE_SYS_STAT_H 1
| #define HAVE_SYS_TYPES_H 1
| #define HAVE_UNISTD_H 1
| #define HAVE_SYS_TIME_H 1
| #define STDC_HEADERS 1
| #define HAVE_SYS_TIME_H 1
| #define HAVE_SYS_TIMEB_H 1
| #define HAVE_TIME_H 1
| #define HAVE_FTIME 1
| #define HAVE_GETTIMEOFDAY 1
| /* end confdefs.h.  */
| #include <sys/types.h>
| #include <time.h>
| 
| 
| int
| main (void)
| {
| static struct tm ac_aggr;
| if (ac_aggr.tm_zone)
| return 0;
|   ;
|   return 0;
| }
configure:3599: C:\ghcup\ghc\96FA52~1.7\lib\../mingw/bin\clang.exe -c --rtlib=compiler-rt -D_UCRT -IC:\ghcup\ghc\9.6.7\lib\../mingw/include -fuse-ld=lld --rtlib=compiler-rt -D_UCRT -LC:\ghcup\ghc\9.6.7\lib\../mingw/lib -LC:\ghcup\ghc\9.6.7\lib\../mingw/x86_64-w64-mingw32/lib  conftest.c >&5
clang: warning: argument unused during compilation: '-LC:\ghcup\ghc\9.6.7\lib\../mingw/lib' [-Wunused-command-line-argument]
clang: warning: argument unused during compilation: '-LC:\ghcup\ghc\9.6.7\lib\../mingw/x86_64-w64-mingw32/lib' [-Wunused-command-line-argument]
conftest.c:33:20: error: no member named 'tm_zone' in 'struct tm'; did you mean 'tm_mon'?
if (sizeof ac_aggr.tm_zone)
                   ^~~~~~~
                   tm_mon
C:/ghcup/ghc/96FA52~1.7/mingw/x86_64-w64-mingw32/include/time.h:102:9: note: 'tm_mon' declared here
    int tm_mon;
        ^
1 error generated.
configure:3599: $? = 1
configure: failed program was:
| /* confdefs.h */
| #define PACKAGE_NAME "Haskell old-time package"
| #define PACKAGE_TARNAME "old-time"
| #define PACKAGE_VERSION "1.0"
| #define PACKAGE_STRING "Haskell old-time package 1.0"
| #define PACKAGE_BUGREPORT "libraries@haskell.org"
| #define PACKAGE_URL ""
| #define HAVE_STDIO_H 1
| #define HAVE_STDLIB_H 1
| #define HAVE_STRING_H 1
| #define HAVE_INTTYPES_H 1
| #define HAVE_STDINT_H 1
| #define HAVE_STRINGS_H 1
| #define HAVE_SYS_STAT_H 1
| #define HAVE_SYS_TYPES_H 1
| #define HAVE_UNISTD_H 1
| #define HAVE_SYS_TIME_H 1
| #define STDC_HEADERS 1
| #define HAVE_SYS_TIME_H 1
| #define HAVE_SYS_TIMEB_H 1
| #define HAVE_TIME_H 1
| #define HAVE_FTIME 1
| #define HAVE_GETTIMEOFDAY 1
| /* end confdefs.h.  */
| #include <sys/types.h>
| #include <time.h>
| 
| 
| int
| main (void)
| {
| static struct tm ac_aggr;
| if (sizeof ac_aggr.tm_zone)
| return 0;
|   ;
|   return 0;
| }
configure:3599: result: no
configure:3616: checking whether tzname is declared
configure:3616: C:\ghcup\ghc\96FA52~1.7\lib\../mingw/bin\clang.exe -c --rtlib=compiler-rt -D_UCRT -IC:\ghcup\ghc\9.6.7\lib\../mingw/include -fuse-ld=lld --rtlib=compiler-rt -D_UCRT -LC:\ghcup\ghc\9.6.7\lib\../mingw/lib -LC:\ghcup\ghc\9.6.7\lib\../mingw/x86_64-w64-mingw32/lib -fno-builtin  conftest.c >&5
clang: warning: argument unused during compilation: '-LC:\ghcup\ghc\9.6.7\lib\../mingw/lib' [-Wunused-command-line-argument]
clang: warning: argument unused during compilation: '-LC:\ghcup\ghc\9.6.7\lib\../mingw/x86_64-w64-mingw32/lib' [-Wunused-command-line-argument]
conftest.c:34:10: warning: 'tzname' is deprecated: Only provided for source compatibility; this variable might not always be accurate when linking to UCRT. [-Wdeprecated-declarations]
  (void) tzname;
         ^
C:/ghcup/ghc/96FA52~1.7/mingw/x86_64-w64-mingw32/include/time.h:258:34: note: 'tzname' has been explicitly marked deprecated here
  _CRTIMP extern char *tzname[2] __MINGW_ATTRIB_DEPRECATED_UCRT;
                                 ^
C:/ghcup/ghc/96FA52~1.7/mingw/x86_64-w64-mingw32/include/time.h:249:5: note: expanded from macro '__MINGW_ATTRIB_DEPRECATED_UCRT'
    __MINGW_ATTRIB_DEPRECATED_MSG( \
    ^
C:/ghcup/ghc/96FA52~1.7/mingw/x86_64-w64-mingw32/include/_mingw.h:182:58: note: expanded from macro '__MINGW_ATTRIB_DEPRECATED_MSG'
#define __MINGW_ATTRIB_DEPRECATED_MSG(x) __attribute__ ((__deprecated__(x)))
                                                         ^
1 warning generated.
configure:3616: $? = 0
configure:3616: result: yes
configure:3626: checking for tzname
configure:3647: C:\ghcup\ghc\96FA52~1.7\lib\../mingw/bin\clang.exe -o conftest.exe --rtlib=compiler-rt -D_UCRT -IC:\ghcup\ghc\9.6.7\lib\../mingw/include -fuse-ld=lld --rtlib=compiler-rt -D_UCRT -LC:\ghcup\ghc\9.6.7\lib\../mingw/lib -LC:\ghcup\ghc\9.6.7\lib\../mingw/x86_64-w64-mingw32/lib   conftest.c  >&5
conftest.c:34:8: warning: 'tzname' is deprecated: Only provided for source compatibility; this variable might not always be accurate when linking to UCRT. [-Wdeprecated-declarations]
return tzname[0][0];
       ^
C:/ghcup/ghc/96FA52~1.7/mingw/x86_64-w64-mingw32/include/time.h:258:34: note: 'tzname' has been explicitly marked deprecated here
  _CRTIMP extern char *tzname[2] __MINGW_ATTRIB_DEPRECATED_UCRT;
                                 ^
C:/ghcup/ghc/96FA52~1.7/mingw/x86_64-w64-mingw32/include/time.h:249:5: note: expanded from macro '__MINGW_ATTRIB_DEPRECATED_UCRT'
    __MINGW_ATTRIB_DEPRECATED_MSG( \
    ^
C:/ghcup/ghc/96FA52~1.7/mingw/x86_64-w64-mingw32/include/_mingw.h:182:58: note: expanded from macro '__MINGW_ATTRIB_DEPRECATED_MSG'
#define __MINGW_ATTRIB_DEPRECATED_MSG(x) __attribute__ ((__deprecated__(x)))
                                                         ^
1 warning generated.
configure:3647: $? = 0
configure:3656: result: yes
configure:3676: checking for sys/time.h
configure:3676: result: yes
configure:3683: checking whether altzone is declared
configure:3683: C:\ghcup\ghc\96FA52~1.7\lib\../mingw/bin\clang.exe -c --rtlib=compiler-rt -D_UCRT -IC:\ghcup\ghc\9.6.7\lib\../mingw/include -fuse-ld=lld --rtlib=compiler-rt -D_UCRT -LC:\ghcup\ghc\9.6.7\lib\../mingw/lib -LC:\ghcup\ghc\9.6.7\lib\../mingw/x86_64-w64-mingw32/lib -fno-builtin  conftest.c >&5
clang: warning: argument unused during compilation: '-LC:\ghcup\ghc\9.6.7\lib\../mingw/lib' [-Wunused-command-line-argument]
clang: warning: argument unused during compilation: '-LC:\ghcup\ghc\9.6.7\lib\../mingw/x86_64-w64-mingw32/lib' [-Wunused-command-line-argument]
conftest.c:47:10: error: use of undeclared identifier 'altzone'
  (void) altzone;
         ^
1 error generated.
configure:3683: $? = 1
configure: failed program was:
| /* confdefs.h */
| #define PACKAGE_NAME "Haskell old-time package"
| #define PACKAGE_TARNAME "old-time"
| #define PACKAGE_VERSION "1.0"
| #define PACKAGE_STRING "Haskell old-time package 1.0"
| #define PACKAGE_BUGREPORT "libraries@haskell.org"
| #define PACKAGE_URL ""
| #define HAVE_STDIO_H 1
| #define HAVE_STDLIB_H 1
| #define HAVE_STRING_H 1
| #define HAVE_INTTYPES_H 1
| #define HAVE_STDINT_H 1
| #define HAVE_STRINGS_H 1
| #define HAVE_SYS_STAT_H 1
| #define HAVE_SYS_TYPES_H 1
| #define HAVE_UNISTD_H 1
| #define HAVE_SYS_TIME_H 1
| #define STDC_HEADERS 1
| #define HAVE_SYS_TIME_H 1
| #define HAVE_SYS_TIMEB_H 1
| #define HAVE_TIME_H 1
| #define HAVE_FTIME 1
| #define HAVE_GETTIMEOFDAY 1
| #define HAVE_DECL_TZNAME 1
| #define HAVE_TZNAME 1
| #define TIME_WITH_SYS_TIME 1
| #define HAVE_SYS_TIME_H 1
| /* end confdefs.h.  */
| #if TIME_WITH_SYS_TIME
| # include <sys/time.h>
| # include <time.h>
| #else
| # if HAVE_SYS_TIME_H
| #  include <sys/time.h>
| # else
| #  include <time.h>
| # endif
| #endif
| 
| int
| main (void)
| {
| #ifndef altzone
| #ifdef __cplusplus
|   (void) altzone;
| #else
|   (void) altzone;
| #endif
| #endif
| 
|   ;
|   return 0;
| }
configure:3683: result: no
configure:3810: creating ./config.status
configure:4704: WARNING: unrecognized options: --with-compiler

## ---------------- ##
## Cache variables. ##
## ---------------- ##

